mode: atomic
githib.com/dkischenko/company-api/internal/company/service.go:32.93,34.16 2 15
githib.com/dkischenko/company-api/internal/company/service.go:38.2,42.3 1 15
githib.com/dkischenko/company-api/internal/company/service.go:34.16,36.3 1 0
githib.com/dkischenko/company-api/internal/company/service.go:45.107,47.16 2 2
githib.com/dkischenko/company-api/internal/company/service.go:51.2,51.8 1 1
githib.com/dkischenko/company-api/internal/company/service.go:47.16,50.3 2 1
githib.com/dkischenko/company-api/internal/company/service.go:54.90,56.16 2 2
githib.com/dkischenko/company-api/internal/company/service.go:60.2,60.8 1 1
githib.com/dkischenko/company-api/internal/company/service.go:56.16,59.3 2 1
githib.com/dkischenko/company-api/internal/company/service.go:63.65,65.16 2 2
githib.com/dkischenko/company-api/internal/company/service.go:69.2,69.8 1 1
githib.com/dkischenko/company-api/internal/company/service.go:65.16,68.3 2 1
githib.com/dkischenko/company-api/internal/company/service.go:72.101,74.16 2 2
githib.com/dkischenko/company-api/internal/company/service.go:78.2,78.8 1 1
githib.com/dkischenko/company-api/internal/company/service.go:74.16,77.3 2 1
githib.com/dkischenko/company-api/internal/company/service.go:81.75,83.16 2 1
githib.com/dkischenko/company-api/internal/company/service.go:87.2,94.16 3 1
githib.com/dkischenko/company-api/internal/company/service.go:98.2,98.8 1 1
githib.com/dkischenko/company-api/internal/company/service.go:83.16,86.3 2 0
githib.com/dkischenko/company-api/internal/company/service.go:94.16,96.3 1 0
githib.com/dkischenko/company-api/internal/company/service.go:101.89,103.16 2 2
githib.com/dkischenko/company-api/internal/company/service.go:108.2,108.60 1 1
githib.com/dkischenko/company-api/internal/company/service.go:113.2,113.8 1 1
githib.com/dkischenko/company-api/internal/company/service.go:103.16,106.3 2 1
githib.com/dkischenko/company-api/internal/company/service.go:108.60,111.3 2 0
githib.com/dkischenko/company-api/internal/company/service.go:116.67,118.16 2 1
githib.com/dkischenko/company-api/internal/company/service.go:123.2,123.8 1 1
githib.com/dkischenko/company-api/internal/company/service.go:118.16,121.3 2 0
githib.com/dkischenko/company-api/internal/company/handler.go:36.88,42.2 1 1
githib.com/dkischenko/company-api/internal/company/handler.go:44.47,53.2 8 1
githib.com/dkischenko/company-api/internal/company/handler.go:55.68,58.16 3 0
githib.com/dkischenko/company-api/internal/company/handler.go:64.2,66.36 2 0
githib.com/dkischenko/company-api/internal/company/handler.go:81.2,82.16 2 0
githib.com/dkischenko/company-api/internal/company/handler.go:85.2,86.16 2 0
githib.com/dkischenko/company-api/internal/company/handler.go:90.2,91.16 2 0
githib.com/dkischenko/company-api/internal/company/handler.go:95.2,101.64 5 0
githib.com/dkischenko/company-api/internal/company/handler.go:58.16,62.3 3 0
githib.com/dkischenko/company-api/internal/company/handler.go:66.36,72.65 3 0
githib.com/dkischenko/company-api/internal/company/handler.go:76.3,78.9 3 0
githib.com/dkischenko/company-api/internal/company/handler.go:72.65,75.4 2 0
githib.com/dkischenko/company-api/internal/company/handler.go:82.16,84.3 1 0
githib.com/dkischenko/company-api/internal/company/handler.go:86.16,88.3 1 0
githib.com/dkischenko/company-api/internal/company/handler.go:91.16,93.3 1 0
githib.com/dkischenko/company-api/internal/company/handler.go:101.64,105.3 3 0
githib.com/dkischenko/company-api/internal/company/handler.go:108.69,111.16 3 1
githib.com/dkischenko/company-api/internal/company/handler.go:117.2,119.36 2 1
githib.com/dkischenko/company-api/internal/company/handler.go:134.2,135.16 2 1
githib.com/dkischenko/company-api/internal/company/handler.go:141.2,148.64 4 1
githib.com/dkischenko/company-api/internal/company/handler.go:111.16,115.3 3 0
githib.com/dkischenko/company-api/internal/company/handler.go:119.36,125.65 3 0
githib.com/dkischenko/company-api/internal/company/handler.go:129.3,131.9 3 0
githib.com/dkischenko/company-api/internal/company/handler.go:125.65,128.4 2 0
githib.com/dkischenko/company-api/internal/company/handler.go:135.16,139.3 3 0
githib.com/dkischenko/company-api/internal/company/handler.go:148.64,152.3 3 0
githib.com/dkischenko/company-api/internal/company/handler.go:155.76,158.16 3 0
githib.com/dkischenko/company-api/internal/company/handler.go:163.2,165.16 2 0
githib.com/dkischenko/company-api/internal/company/handler.go:171.2,173.53 3 0
githib.com/dkischenko/company-api/internal/company/handler.go:158.16,162.3 3 0
githib.com/dkischenko/company-api/internal/company/handler.go:165.16,169.3 3 0
githib.com/dkischenko/company-api/internal/company/handler.go:173.53,177.3 3 0
githib.com/dkischenko/company-api/internal/company/handler.go:180.79,183.16 3 0
githib.com/dkischenko/company-api/internal/company/handler.go:189.2,190.46 2 0
githib.com/dkischenko/company-api/internal/company/handler.go:205.2,206.16 2 0
githib.com/dkischenko/company-api/internal/company/handler.go:212.2,215.53 3 0
githib.com/dkischenko/company-api/internal/company/handler.go:183.16,187.3 3 0
githib.com/dkischenko/company-api/internal/company/handler.go:190.46,196.65 3 0
githib.com/dkischenko/company-api/internal/company/handler.go:200.3,202.9 3 0
githib.com/dkischenko/company-api/internal/company/handler.go:196.65,199.4 2 0
githib.com/dkischenko/company-api/internal/company/handler.go:206.16,210.3 3 0
githib.com/dkischenko/company-api/internal/company/handler.go:215.53,219.3 3 0
githib.com/dkischenko/company-api/internal/company/handler.go:222.79,225.16 3 0
githib.com/dkischenko/company-api/internal/company/handler.go:230.2,231.16 2 0
githib.com/dkischenko/company-api/internal/company/handler.go:237.2,238.30 2 0
githib.com/dkischenko/company-api/internal/company/handler.go:225.16,229.3 3 0
githib.com/dkischenko/company-api/internal/company/handler.go:231.16,235.3 3 0
githib.com/dkischenko/company-api/internal/company/handler.go:241.79,244.16 3 0
githib.com/dkischenko/company-api/internal/company/handler.go:250.2,252.16 2 0
githib.com/dkischenko/company-api/internal/company/handler.go:258.2,259.30 2 0
githib.com/dkischenko/company-api/internal/company/handler.go:244.16,248.3 3 0
githib.com/dkischenko/company-api/internal/company/handler.go:252.16,256.3 3 0
